<?xml version="1.0" encoding="UTF-8"?>
<!-- Generated by org.testng.reporters.JUnitReportReporter -->
<testsuite hostname="DESKTOP-G25F7V2" failures="0" tests="1" name="testclass.TC_002_LoginTest" time="5.197" errors="0" timestamp="2023-01-18T22:31:47 IST" skipped="0">
  <testcase classname="testclass.TC_002_LoginTest" name="test_Login" time="5.197"/>
  <system-out/>
</testsuite> <!-- testclass.TC_002_LoginTest -->
