<?xml version="1.0" encoding="UTF-8"?>
<!-- Generated by org.testng.reporters.JUnitReportReporter -->
<testsuite hostname="DESKTOP-G25F7V2" failures="0" tests="1" name="testclass.TC_001_AccountRegistrationTest" time="2.374" errors="0" timestamp="2023-01-18T22:29:12 IST" skipped="0">
  <testcase classname="testclass.TC_001_AccountRegistrationTest" name="test_account_Registration" time="2.374"/>
  <system-out/>
</testsuite> <!-- testclass.TC_001_AccountRegistrationTest -->
